2020-05-31 15:23:53 ERROR UserService:36 - Error trying to login a user
2020-05-31 15:54:41 ERROR UserService:130 - Error trying to update a user in the database
2020-05-31 18:49:25 ERROR UserService:36 - Error trying to login a user
2020-05-31 18:52:04 ERROR UserService:85 - Email already exists
2020-06-01 15:41:42 ERROR UserService:85 - Email already exists
2020-06-01 15:46:14 ERROR UserService:36 - Error trying to login a user
2020-06-01 19:48:56 ERROR UserService:85 - Email already exists
2020-06-01 20:08:37 ERROR UserService:85 - Email already exists
2020-06-01 20:08:39 ERROR UserService:85 - Email already exists
2020-06-10 17:26:43 ERROR UserService:36 - Error trying to login a user
2020-06-10 17:26:56 ERROR UserService:36 - Error trying to login a user
2020-06-10 20:38:13 ERROR UserService:36 - Error trying to login a user
2020-06-15 19:58:44 ERROR UserService:36 - Error trying to login a user
2020-06-15 19:59:02 ERROR UserService:36 - Error trying to login a user
2020-06-15 21:09:33 ERROR ProfileService:140 - Error trying to update a profile description in the database
2020-06-15 21:11:15 ERROR ProfileService:140 - Error trying to update a profile description in the database
2020-06-15 21:18:22 ERROR ProfileService:140 - Error trying to update a profile description in the database
2020-06-15 21:18:34 ERROR ProfileService:140 - Error trying to update a profile description in the database
2020-06-15 21:18:34 ERROR ProfileService:140 - Error trying to update a profile description in the database
2020-06-15 21:18:41 ERROR ProfileService:140 - Error trying to update a profile description in the database
2020-06-15 21:18:58 ERROR ProfileService:140 - Error trying to update a profile description in the database
2020-06-15 21:19:26 ERROR ProfileService:140 - Error trying to update a profile description in the database
2020-06-15 21:19:42 ERROR ProfileService:140 - Error trying to update a profile description in the database
2020-06-15 21:20:04 ERROR ProfileService:140 - Error trying to update a profile description in the database
2020-06-15 21:28:32 ERROR ProfileService:140 - Error trying to update a profile description in the database
2020-06-15 21:28:49 ERROR ProfileService:140 - Error trying to update a profile description in the database
2020-06-15 21:29:37 ERROR ProfileService:140 - Error trying to update a profile description in the database
2020-06-15 21:32:22 ERROR ProfileService:140 - Error trying to update a profile description in the database
2020-06-15 21:44:47 ERROR ProfileService:140 - Error trying to update a profile description in the database
2020-06-15 21:44:53 ERROR ProfileService:140 - Error trying to update a profile description in the database
2020-06-15 21:44:54 ERROR ProfileService:140 - Error trying to update a profile description in the database
2020-06-17 18:48:53 ERROR UserService:36 - Error trying to login a user
2020-06-21 19:10:23 ERROR UserService:36 - Error trying to login a user
2020-06-21 20:13:17 ERROR ProfileService:89 - Error trying to create a profile in the database
2020-06-21 20:13:49 ERROR ProfileService:89 - Error trying to create a profile in the database
2020-06-24 21:06:44 ERROR ProfileService:89 - Error trying to create a profile in the database
2020-06-25 19:57:25 ERROR UserService:36 - Error trying to login a user
2020-06-27 10:42:42 ERROR UserService:36 - Error trying to login a user
2020-06-27 10:42:52 ERROR UserService:36 - Error trying to login a user
2020-06-27 10:42:52 ERROR UserService:36 - Error trying to login a user
2020-06-29 18:58:25 ERROR ProfileService:106 - Error trying to update a profile row in the database
2020-06-29 18:58:30 ERROR ProfileService:106 - Error trying to update a profile row in the database
2020-06-29 18:58:35 ERROR ProfileService:106 - Error trying to update a profile row in the database
2020-06-29 18:58:36 ERROR ProfileService:106 - Error trying to update a profile row in the database
2020-06-29 18:58:36 ERROR ProfileService:106 - Error trying to update a profile row in the database
2020-06-29 18:58:37 ERROR ProfileService:106 - Error trying to update a profile row in the database
2020-06-29 18:58:37 ERROR ProfileService:106 - Error trying to update a profile row in the database
2020-06-29 18:58:37 ERROR ProfileService:106 - Error trying to update a profile row in the database
2020-06-29 18:58:37 ERROR ProfileService:106 - Error trying to update a profile row in the database
2020-06-29 18:58:37 ERROR ProfileService:106 - Error trying to update a profile row in the database
2020-06-29 18:58:37 ERROR ProfileService:106 - Error trying to update a profile row in the database
2020-06-29 18:58:38 ERROR ProfileService:106 - Error trying to update a profile row in the database
2020-06-29 18:58:38 ERROR ProfileService:106 - Error trying to update a profile row in the database
2020-06-29 18:58:38 ERROR ProfileService:106 - Error trying to update a profile row in the database
2020-06-29 18:58:38 ERROR ProfileService:106 - Error trying to update a profile row in the database
2020-06-29 18:58:38 ERROR ProfileService:106 - Error trying to update a profile row in the database
2020-06-29 18:58:38 ERROR ProfileService:106 - Error trying to update a profile row in the database
2020-06-29 18:58:39 ERROR ProfileService:106 - Error trying to update a profile row in the database
2020-06-29 18:58:39 ERROR ProfileService:106 - Error trying to update a profile row in the database
2020-06-29 18:58:39 ERROR ProfileService:106 - Error trying to update a profile row in the database
2020-06-29 18:58:39 ERROR ProfileService:106 - Error trying to update a profile row in the database
2020-06-29 18:58:39 ERROR ProfileService:106 - Error trying to update a profile row in the database
2020-06-29 19:01:12 ERROR ProfileService:106 - Error trying to update a profile row in the database
2020-06-29 19:09:07 ERROR UserService:36 - Error trying to login a user
2020-06-29 19:18:17 ERROR UserService:85 - Email already exists
2020-06-29 19:18:46 ERROR UserService:85 - Email already exists
